<?xml version="1.0" encoding="UTF-8"?>
<!-- Generated by org.testng.reporters.JUnitXMLReporter -->
<testsuite hostname="LTIN237839" name="Test" tests="1" failures="1" timestamp="29 Sep 2020 06:08:11 GMT" time="29.272" errors="0">
  <testcase name="basepageNavigation" time="0.046" classname="E2EProject.TestingFramework.AsssertValidation">
    <failure type="java.lang.AssertionError" message="expected [Feature Courses] but found [FEATURED COURSES]">
      <![CDATA[java.lang.AssertionError: expected [Feature Courses] but found [FEATURED COURSES]
	at E2EProject.TestingFramework.AsssertValidation.basepageNavigation(AsssertValidation.java:38)
... Removed 31 stack frames]]>
    </failure>
  </testcase> <!-- basepageNavigation -->
</testsuite> <!-- Test -->
