<?xml version="1.0" encoding="UTF-8"?>
<!-- Generated by org.testng.reporters.JUnitXMLReporter -->
<testsuite hostname="LTIN237839" ignored="0" name="AssertValidation" tests="2" failures="0" timestamp="2020-09-29T12:38:16 IST" time="46.564" errors="0">
  <testcase name="basepageNavigation" time="4.645" classname="E2EProject.TestingFramework.HomePage"/>
  <testcase name="basepageNavigation" time="0.12" classname="E2EProject.TestingFramework.AsssertValidation2"/>
</testsuite> <!-- AssertValidation -->
