<?xml version="1.0" encoding="UTF-8"?>
<!-- Generated by org.testng.reporters.JUnitXMLReporter -->
<testsuite hostname="LTIN237839" ignored="0" name="Test" tests="1" failures="1" timestamp="2020-09-29T12:38:17 IST" time="48.071" errors="0">
  <testcase name="basepageNavigation" time="0.083" classname="E2EProject.TestingFramework.AsssertValidation">
    <failure type="java.lang.AssertionError" message="expected [Feature Courses] but found [FEATURED COURSES]">
      <![CDATA[java.lang.AssertionError: expected [Feature Courses] but found [FEATURED COURSES]
at E2EProject.TestingFramework.AsssertValidation.basepageNavigation(AsssertValidation.java:38)
at java.util.ArrayList.forEach(ArrayList.java:1259)
at java.util.concurrent.FutureTask.run(FutureTask.java:266)
at java.util.concurrent.ThreadPoolExecutor.runWorker(ThreadPoolExecutor.java:1149)
at java.util.concurrent.ThreadPoolExecutor$Worker.run(ThreadPoolExecutor.java:624)
at java.lang.Thread.run(Thread.java:748)
... Removed 23 stack frames]]>
    </failure>
  </testcase> <!-- basepageNavigation -->
</testsuite> <!-- Test -->
